# Post-Commit CLI Validation Log

## Task Group: `post_commit_cli_validation`

### 1. `cargo check --all-targets`

**Command:**
```bash
cargo check --all-targets
```

**Output:**
```
Command: cargo check --all-targets
Directory: (root)
Stdout: (empty)
Stderr:     Blocking waiting for file lock on build directory
    Checking cfg-if v1.0.1
    ... (compilation output) ...
    Finished `dev` profile [unoptimized + debuginfo] target(s) in 41.84s

Error: (none)
Exit Code: 0
Signal: (none)
Background PIDs: (none)
Process Group PGID: 4620
```
**Result:** `cargo check --all-targets` は正常に完了し、終了コード0を返しました。

### 2. `cargo run --package kairo_agent --bin setup_agent -- --name AgentTest --new`

**Command:**
```bash
cargo run --package kairo_agent --bin setup_agent -- --name AgentTest --new
```

**Output (Initial attempt with error):**
```
Command: cargo run --package kairo_agent --bin setup_agent -- --name AgentTest --new
Directory: (root)
Stdout: (empty)
Stderr:    Compiling syn v2.0.104
    ... (compilation output) ...
error[E0599]: no function or associated item named `generate` found for struct `SigningKey` in the current scope
    ... (error details) ...
Error: (none)
Exit Code: 101
Signal: (none)
Background PIDs: (none)
Process Group PGID: 33756
```
**Action:** `setup_agent.rs` の `SigningKey::generate` の呼び出しを `SigningKey::new(OsRng)` に修正。

**Output (Second attempt with error):**
```
Command: cargo run --package kairo_agent --bin setup_agent -- --name AgentTest --new
Directory: (root)
Stdout: (empty)
Stderr:    Compiling kairo_agent v0.1.0 (D:\Dev\KAIRO\src\agent)
error[E0599]: no function or associated item named `new` found for struct `SigningKey` in the current scope
    ... (error details) ...
Error: (none)
Exit Code: 101
Signal: (none)
Background PIDs: (none)
Process Group PGID: 31004
```
**Action:** `setup_agent.rs` の `SigningKey::new(OsRng)` の呼び出しを `SigningKey::generate(&mut csprng)` に修正 (以前の修正の巻き戻し)。

**Output (Third attempt with error):**
```
Command: cargo run --package kairo_agent --bin setup_agent -- --name AgentTest --new
Directory: (root)
Stdout: (empty)
Stderr:    Compiling kairo_agent v0.1.0 (D:\Dev\KAIRO\src\agent)
error[E0599]: no function or associated item named `generate` found for struct `SigningKey` in the current scope
    ... (error details) ...
Error: (none)
Exit Code: 101
Signal: (none)
Background PIDs: (none)
Process Group PGID: 4904
```
**Action:** `setup_agent.rs` を修正し、`rand::RngCore` を使用して `SigningKey::from_bytes` で鍵を生成するように変更。

**Output (Fourth attempt - Success):**
```
Command: cargo run --package kairo_agent --bin setup_agent -- --name AgentTest --new
Directory: (root)
Stdout: --- KAIRO Mesh Initial Setup ---
Secret Key: "5a493e705b9ad3fb2c6478469485f7c672d900e5002b208515876999f12a62dc"
Public Key: "2e076715b919a5ae6f4e159e5bc84909f151028f4abc526f8285f542418d0284"
...
-> Successfully registered with seed node.
--- Onboarding Complete ---

Stderr:    Compiling kairo_agent v0.1.0 (D:\Dev\KAIRO\src\agent)
warning: variable does not need to be mutable
    ... (warning details) ...
Error: (none)
Exit Code: 0
Signal: (none)
Background PIDs: (none)
Process Group PGID: 26684
```
**Result:** `setup_agent` は正常に完了し、終了コード0を返しました。

### 3. `cargo run --package kairo_agent --bin signed_sender -- --from AgentTest --to 10.0.0.2/24 --message "Hello"`

**Command:**
```bash
cargo run --package kairo_agent --bin signed_sender -- --from AgentTest --to 10.0.0.2/24 --message "Hello"
```

**Output:**
```
Command: cargo run --package kairo_agent --bin signed_sender -- --from AgentTest --to 10.0.0.2/24 --message "Hello"
Directory: (root)
Stdout: "{"version":1,"source_public_key":"2e076715b919a5ae6f4e159e5bc84909f151028f4abc526f8285f542418d0284","destination_p_address":"10.0.0.2/24","sequence":0,"timestamp":1753550172,"payload_type":"message","payload":"\"Hello\"","signature":"08dff6bf92f9273ce57610a61487020bd92d630d663f54fdc28231cead44f534cb30890ef83b402a27dc39b0915391bb0a8def97bcda9e9d01193d55183b7608"}"
✅ Packet sent successfully.

Stderr:    Compiling kairo_agent v0.1.0 (D:\Dev\KAIRO\src\agent)
warning: unused import: `Deserialize`
    ... (warning details) ...
Error: (none)
Exit Code: 0
Signal: (none)
Background PIDs: (none)
Process Group PGID: 26144
```
**Result:** `signed_sender` は正常に完了し、終了コード0を返しました。

### 4. `cargo run --package kairo_agent --bin signed_sender -- --from AgentTest --to 10.0.0.2/24 --message "Fake" --fake`

**Command:**
```bash
cargo run --package kairo_agent --bin signed_sender -- --from AgentTest --to 10.0.0.2/24 --message "Fake" --fake
```

**Output:**
```
Command: cargo run --package kairo_agent --bin signed_sender -- --from AgentTest --to 10.0.0.2/24 --message "Fake" --fake
Directory: (root)
Stdout: "{"version":1,"source_public_key":"2e076715b919a5ae6f4e159e5bc84909f151028f4abc526f8285f542418d0284","destination_p_address":"10.0.0.2/24","sequence":0,"timestamp":1753550180,"payload_type":"message","payload":"\"Fake\"","signature":"ae1723d08c7072c04dbc571b855339058ac7631e9f5b098d5e82bbe70fd2c66e5d6d062ddc60fcc830e4df3702ba54ed998c17c57b575607a217e1ae7ccb6507"}"
❌ Failed to send packet: 401 Unauthorized

Stderr: warning: unused import: `Deserialize`
    ... (warning details) ...
Error: (none)
Exit Code: 1
Signal: (none)
Background PIDs: (none)
Process Group PGID: 25764
```
**Result:** `signed_sender` は期待通り終了コード1を返し、`401 Unauthorized` エラーを出力しました。

### 5. `cargo run --package kairo_agent --bin receive_signed -- --for-address 10.0.0.2/24 --from AgentTest`

**Command:**
```bash
cargo run --package kairo_agent --bin receive_signed -- --for-address 10.0.0.2/24 --from AgentTest
```

**Output:**
```
Command: cargo run --package kairo_agent --bin receive_signed -- --for-address 10.0.0.2/24 --from AgentTest
Directory: (root)
Stdout: From 2e076715b919a5ae6f4e159e5bc84909f151028f4abc526f8285f542418d0284: "Hello" (signature OK)

Stderr: warning: unused variable: `config`
    ... (warning details) ...
Error: (none)
Exit Code: 0
Signal: (none)
Background PIDs: (none)
Process Group PGID: 33588
```
**Result:** `receive_signed` は正常に完了し、終了コード0を返し、メッセージを正しく受信しました。

---
**ログ記録完了**
このファイルに記録しました。

```